ImageToTextApp/app/build/intermediates/manifest_merge_blame_file/debug/manifest-merger-blame-debug-report.txt
1<?xml version="1.0" encoding="utf-8"?>
2<manifest xmlns:android="http://schemas.android.com/apk/res/android"
3    package="mail.gvsu.edu.imagetotextapp"
4    android:versionCode="1"
5    android:versionName="1.0" >
6
7    <uses-sdk
8        android:minSdkVersion="16"
8-->src\main\AndroidManifest.xml
9        android:targetSdkVersion="28" />
9-->src\main\AndroidManifest.xml
10    <!-- Camera and storage permission will be required -->
11    <uses-permission android:name="android.permission.CAMERA" />
11-->src\main\AndroidManifest.xml:5:5-65
11-->src\main\AndroidManifest.xml:5:22-62
12    <uses-permission android:name="android.permission.WRITE_EXTERNAL_STORAGE" />
12-->src\main\AndroidManifest.xml:6:5-81
12-->src\main\AndroidManifest.xml:6:22-78
13    <uses-permission android:name="android.permission.ACCESS_NETWORK_STATE" />
13-->[com.google.firebase:firebase-database:16.0.4] AndroidManifest.xml:22:5-79
13-->[com.google.firebase:firebase-database:16.0.4] AndroidManifest.xml:22:22-76
14    <uses-permission android:name="android.permission.INTERNET" />
14-->[com.google.firebase:firebase-database:16.0.4] AndroidManifest.xml:23:5-67
14-->[com.google.firebase:firebase-database:16.0.4] AndroidManifest.xml:23:22-64
15
16    <application
16-->src\main\AndroidManifest.xml:8:5-39:19
17        android:allowBackup="true"
17-->src\main\AndroidManifest.xml:9:9-35
18        android:appComponentFactory="android.support.v4.app.CoreComponentFactory"
18-->[com.android.support:support-compat:28.0.0] AndroidManifest.xml:22:18-91
19        android:debuggable="true"
20        android:icon="@mipmap/ic_launcher"
20-->src\main\AndroidManifest.xml:10:9-43
21        android:label="@string/app_name"
21-->src\main\AndroidManifest.xml:11:9-41
22        android:roundIcon="@mipmap/ic_launcher_round"
22-->src\main\AndroidManifest.xml:12:9-54
23        android:supportsRtl="true"
23-->src\main\AndroidManifest.xml:13:9-35
24        android:testOnly="true"
25        android:theme="@style/AppTheme" >
25-->src\main\AndroidManifest.xml:14:9-40
26        <activity
26-->src\main\AndroidManifest.xml:15:9-18:68
27            android:name="mail.gvsu.edu.imagetotextapp.setting"
27-->src\main\AndroidManifest.xml:16:13-64
28            android:label="@string/title_activity_setting"
28-->src\main\AndroidManifest.xml:17:13-59
29            android:theme="@style/AppTheme.NoActionBar" />
29-->src\main\AndroidManifest.xml:18:13-56
30        <activity
30-->src\main\AndroidManifest.xml:19:9-22:59
31            android:name="mail.gvsu.edu.imagetotextapp.history"
31-->src\main\AndroidManifest.xml:20:13-64
32            android:label="@string/title_activity_history"
32-->src\main\AndroidManifest.xml:21:13-59
33            android:theme="@style/AppTheme.NoActionBar" />
33-->src\main\AndroidManifest.xml:22:13-56
34        <activity android:name="mail.gvsu.edu.imagetotextapp.typePage" />
34-->src\main\AndroidManifest.xml:23:9-74
34-->src\main\AndroidManifest.xml:23:19-71
35        <activity android:name="mail.gvsu.edu.imagetotextapp.AddOption" />
35-->src\main\AndroidManifest.xml:24:9-75
35-->src\main\AndroidManifest.xml:24:19-72
36        <activity
36-->src\main\AndroidManifest.xml:25:9-34:20
37            android:name="mail.gvsu.edu.imagetotextapp.HomePage"
37-->src\main\AndroidManifest.xml:26:13-65
38            android:label="@string/title_activity_home_page"
38-->src\main\AndroidManifest.xml:27:13-61
39            android:theme="@style/AppTheme.NoActionBar" >
39-->src\main\AndroidManifest.xml:28:13-56
40            <intent-filter>
40-->src\main\AndroidManifest.xml:29:13-33:29
41                <action android:name="android.intent.action.MAIN" />
41-->src\main\AndroidManifest.xml:30:17-69
41-->src\main\AndroidManifest.xml:30:25-66
42
43                <category android:name="android.intent.category.LAUNCHER" />
43-->src\main\AndroidManifest.xml:32:17-77
43-->src\main\AndroidManifest.xml:32:27-74
44            </intent-filter>
45        </activity>
46        <activity android:name="mail.gvsu.edu.imagetotextapp.MainActivity" /> <!-- add in application tag -->
46-->src\main\AndroidManifest.xml:35:9-78
46-->src\main\AndroidManifest.xml:35:19-75
47        <activity
47-->src\main\AndroidManifest.xml:36:9-38:47
48            android:name="com.theartofdev.edmodo.cropper.CropImageActivity"
48-->src\main\AndroidManifest.xml:37:13-76
49            android:theme="@style/AppTheme" />
49-->src\main\AndroidManifest.xml:38:13-44
50
51        <provider
51-->[android.arch.lifecycle:extensions:1.1.1] AndroidManifest.xml:23:9-27:43
52            android:name="android.arch.lifecycle.ProcessLifecycleOwnerInitializer"
52-->[android.arch.lifecycle:extensions:1.1.1] AndroidManifest.xml:24:13-83
53            android:authorities="mail.gvsu.edu.imagetotextapp.lifecycle-trojan"
53-->[android.arch.lifecycle:extensions:1.1.1] AndroidManifest.xml:25:13-68
54            android:exported="false"
54-->[android.arch.lifecycle:extensions:1.1.1] AndroidManifest.xml:26:13-37
55            android:multiprocess="true" />
55-->[android.arch.lifecycle:extensions:1.1.1] AndroidManifest.xml:27:13-40
56
57        <activity
57-->[com.google.android.gms:play-services-base:16.0.1] AndroidManifest.xml:23:9-26:75
58            android:name="com.google.android.gms.common.api.GoogleApiActivity"
58-->[com.google.android.gms:play-services-base:16.0.1] AndroidManifest.xml:24:13-79
59            android:exported="false"
59-->[com.google.android.gms:play-services-base:16.0.1] AndroidManifest.xml:25:13-37
60            android:theme="@android:style/Theme.Translucent.NoTitleBar" />
60-->[com.google.android.gms:play-services-base:16.0.1] AndroidManifest.xml:26:13-72
61
62        <provider
62-->[com.google.firebase:firebase-common:16.0.3] AndroidManifest.xml:10:9-14:39
63            android:name="com.google.firebase.provider.FirebaseInitProvider"
63-->[com.google.firebase:firebase-common:16.0.3] AndroidManifest.xml:11:13-77
64            android:authorities="mail.gvsu.edu.imagetotextapp.firebaseinitprovider"
64-->[com.google.firebase:firebase-common:16.0.3] AndroidManifest.xml:12:13-72
65            android:exported="false"
65-->[com.google.firebase:firebase-common:16.0.3] AndroidManifest.xml:13:13-37
66            android:initOrder="100" />
66-->[com.google.firebase:firebase-common:16.0.3] AndroidManifest.xml:14:13-36
67
68        <meta-data
68-->[com.google.android.gms:play-services-basement:16.0.1] AndroidManifest.xml:23:9-25:69
69            android:name="com.google.android.gms.version"
69-->[com.google.android.gms:play-services-basement:16.0.1] AndroidManifest.xml:24:13-58
70            android:value="@integer/google_play_services_version" />
70-->[com.google.android.gms:play-services-basement:16.0.1] AndroidManifest.xml:25:13-66
71        <meta-data
71-->[com.android.support:support-v4:26.1.0] AndroidManifest.xml:26:9-28:38
72            android:name="android.support.VERSION"
72-->[com.android.support:support-v4:26.1.0] AndroidManifest.xml:27:13-51
73            android:value="26.1.0" />
73-->[com.android.support:support-v4:26.1.0] AndroidManifest.xml:28:13-35
74    </application>
75
76</manifest>